<?xml version="1.0" encoding="UTF-8"?>
<!-- Generated by org.testng.reporters.JUnitReportReporter -->
<testsuite hostname="LAPTOP-3VRRLTE0" failures="0" tests="2" name="Axistestng.Test.AppTestTest" time="1.032" errors="0" timestamp="2024-02-26T14:22:54 IST" skipped="0">
  <testcase classname="Axistestng.Test.AppTestTest" name="configLogin" time="0.996"/>
  <system-out/>
  <testcase classname="Axistestng.Test.AppTestTest" name="configLogin1" time="0.036"/>
  <system-out/>
</testsuite> <!-- Axistestng.Test.AppTestTest -->
