<?xml version="1.0" encoding="UTF-8"?>
<!-- Generated by org.testng.reporters.JUnitReportReporter -->
<testsuite hostname="LAPTOP-3VRRLTE0" failures="0" tests="5" name="Axistestng.Test.PriorityTest" time="0.005" errors="0" timestamp="2024-02-26T16:43:38 IST" skipped="1">
  <testcase classname="Axistestng.Test.PriorityTest" name="testcase5" time="0.001"/>
  <system-out/>
  <testcase classname="Axistestng.Test.PriorityTest" name="testcase3" time="0.000"/>
  <system-out/>
  <testcase classname="Axistestng.Test.PriorityTest" name="testcase2" time="0.004"/>
  <system-out/>
  <testcase classname="Axistestng.Test.PriorityTest" name="testcase4" time="0.000"/>
  <system-out/>
  <testcase classname="Axistestng.Test.PriorityTest" name="testcase1">
    <skipped/>
  </testcase> <!-- testcase1 -->
  <system-out/>
</testsuite> <!-- Axistestng.Test.PriorityTest -->
