<?xml version="1.0" encoding="UTF-8"?>
<!-- Generated by org.testng.reporters.JUnitReportReporter -->
<testsuite hostname="LAPTOP-3VRRLTE0" failures="0" tests="3" name="Axistestng.Test.groupingeg" time="0.005" errors="0" timestamp="2024-02-26T16:43:38 IST" skipped="0">
  <testcase classname="Axistestng.Test.groupingeg" name="Products" time="0.001"/>
  <system-out/>
  <testcase classname="Axistestng.Test.groupingeg" name="Login" time="0.002"/>
  <system-out/>
  <testcase classname="Axistestng.Test.groupingeg" name="AddToCart" time="0.002"/>
  <system-out/>
</testsuite> <!-- Axistestng.Test.groupingeg -->
