<?xml version="1.0" encoding="UTF-8"?>
<!-- Generated by org.testng.reporters.JUnitReportReporter -->
<testsuite hostname="LAPTOP-3VRRLTE0" failures="0" tests="1" name="Axistestng.Test.softassert" time="5.902" errors="0" timestamp="2024-02-26T16:12:43 IST" skipped="0">
  <testcase classname="Axistestng.Test.softassert" name="testsoftassert" time="5.902"/>
  <system-out/>
</testsuite> <!-- Axistestng.Test.softassert -->
