<?xml version="1.0" encoding="UTF-8"?>
<!-- Generated by org.testng.reporters.JUnitReportReporter -->
<testsuite hostname="LAPTOP-3VRRLTE0" failures="0" tests="4" name="Axistestng.Test.annotationclasseg" time="0.014" errors="0" timestamp="2024-02-27T11:43:42 IST" skipped="0">
  <testcase classname="Axistestng.Test.annotationclasseg" name="testcase4" time="0.003"/>
  <system-out/>
  <testcase classname="Axistestng.Test.annotationclasseg" name="testcase2" time="0.004"/>
  <system-out/>
  <testcase classname="Axistestng.Test.annotationclasseg" name="testcase1" time="0.006"/>
  <system-out/>
  <testcase classname="Axistestng.Test.annotationclasseg" name="testcase3" time="0.001"/>
  <system-out/>
</testsuite> <!-- Axistestng.Test.annotationclasseg -->
