<?xml version="1.0" encoding="UTF-8"?>
<!-- Generated by org.testng.reporters.JUnitReportReporter -->
<testsuite hostname="LAPTOP-3VRRLTE0" failures="0" tests="1" name="Axistestng.Test.Invokechrome" time="3.130" errors="0" timestamp="2024-02-26T16:43:38 IST" skipped="0">
  <testcase classname="Axistestng.Test.Invokechrome" name="f" time="3.130"/>
  <system-out/>
</testsuite> <!-- Axistestng.Test.Invokechrome -->
